2021-05-15 14:17:27.536  INFO 15020 --- [restartedMain] ie.ucd.COMP47660GP.Application           : Starting Application using Java 11.0.11 on LAPTOP-G9TSE9GK with PID 15020 (C:\Users\erykp\Documents\UCD\SecSoft\GP\target\classes started by erykp in C:\Users\erykp\Documents\UCD\SecSoft\GP)
2021-05-15 14:17:27.537  INFO 15020 --- [restartedMain] ie.ucd.COMP47660GP.Application           : No active profile set, falling back to default profiles: default
2021-05-15 14:17:27.567  INFO 15020 --- [restartedMain] .e.DevToolsPropertyDefaultsPostProcessor : Devtools property defaults active! Set 'spring.devtools.add-properties' to 'false' to disable
2021-05-15 14:17:27.567  INFO 15020 --- [restartedMain] .e.DevToolsPropertyDefaultsPostProcessor : For additional web related logging consider setting the 'logging.level.web' property to 'DEBUG'
2021-05-15 14:17:27.950  INFO 15020 --- [restartedMain] .s.d.r.c.RepositoryConfigurationDelegate : Multiple Spring Data modules found, entering strict repository configuration mode!
2021-05-15 14:17:27.950  INFO 15020 --- [restartedMain] .s.d.r.c.RepositoryConfigurationDelegate : Bootstrapping Spring Data JDBC repositories in DEFAULT mode.
2021-05-15 14:17:27.979  INFO 15020 --- [restartedMain] .RepositoryConfigurationExtensionSupport : Spring Data JDBC - Could not safely identify store assignment for repository candidate interface ie.ucd.COMP47660GP.repositories.CreditCardRepository. If you want this repository to be a JDBC repository, consider annotating your entities with one of these annotations: org.springframework.data.relational.core.mapping.Table.
2021-05-15 14:17:27.981  INFO 15020 --- [restartedMain] .RepositoryConfigurationExtensionSupport : Spring Data JDBC - Could not safely identify store assignment for repository candidate interface ie.ucd.COMP47660GP.repositories.FlightRepository. If you want this repository to be a JDBC repository, consider annotating your entities with one of these annotations: org.springframework.data.relational.core.mapping.Table.
2021-05-15 14:17:27.983  INFO 15020 --- [restartedMain] .RepositoryConfigurationExtensionSupport : Spring Data JDBC - Could not safely identify store assignment for repository candidate interface ie.ucd.COMP47660GP.repositories.ReservationRepository. If you want this repository to be a JDBC repository, consider annotating your entities with one of these annotations: org.springframework.data.relational.core.mapping.Table.
2021-05-15 14:17:27.984  INFO 15020 --- [restartedMain] .RepositoryConfigurationExtensionSupport : Spring Data JDBC - Could not safely identify store assignment for repository candidate interface ie.ucd.COMP47660GP.repositories.RoleRepository. If you want this repository to be a JDBC repository, consider annotating your entities with one of these annotations: org.springframework.data.relational.core.mapping.Table.
2021-05-15 14:17:27.986  INFO 15020 --- [restartedMain] .RepositoryConfigurationExtensionSupport : Spring Data JDBC - Could not safely identify store assignment for repository candidate interface ie.ucd.COMP47660GP.repositories.UserRepository. If you want this repository to be a JDBC repository, consider annotating your entities with one of these annotations: org.springframework.data.relational.core.mapping.Table.
2021-05-15 14:17:27.986  INFO 15020 --- [restartedMain] .s.d.r.c.RepositoryConfigurationDelegate : Finished Spring Data repository scanning in 33 ms. Found 0 JDBC repository interfaces.
2021-05-15 14:17:27.992  INFO 15020 --- [restartedMain] .s.d.r.c.RepositoryConfigurationDelegate : Multiple Spring Data modules found, entering strict repository configuration mode!
2021-05-15 14:17:27.992  INFO 15020 --- [restartedMain] .s.d.r.c.RepositoryConfigurationDelegate : Bootstrapping Spring Data JPA repositories in DEFAULT mode.
2021-05-15 14:17:28.023  INFO 15020 --- [restartedMain] .s.d.r.c.RepositoryConfigurationDelegate : Finished Spring Data repository scanning in 28 ms. Found 5 JPA repository interfaces.
2021-05-15 14:17:28.429  INFO 15020 --- [restartedMain] o.s.b.w.embedded.tomcat.TomcatWebServer  : Tomcat initialized with port(s): 8443 (https)
2021-05-15 14:17:28.436  INFO 15020 --- [restartedMain] o.apache.catalina.core.StandardService   : Starting service [Tomcat]
2021-05-15 14:17:28.436  INFO 15020 --- [restartedMain] org.apache.catalina.core.StandardEngine  : Starting Servlet engine: [Apache Tomcat/9.0.41]
2021-05-15 14:17:28.602  INFO 15020 --- [restartedMain] org.apache.jasper.servlet.TldScanner     : At least one JAR was scanned for TLDs yet contained no TLDs. Enable debug logging for this logger for a complete list of JARs that were scanned but no TLDs were found in them. Skipping unneeded JARs during scanning can improve startup time and JSP compilation time.
2021-05-15 14:17:28.609  INFO 15020 --- [restartedMain] o.a.c.c.C.[Tomcat].[localhost].[/]       : Initializing Spring embedded WebApplicationContext
2021-05-15 14:17:28.610  INFO 15020 --- [restartedMain] w.s.c.ServletWebServerApplicationContext : Root WebApplicationContext: initialization completed in 1042 ms
2021-05-15 14:17:28.729  INFO 15020 --- [restartedMain] o.hibernate.jpa.internal.util.LogHelper  : HHH000204: Processing PersistenceUnitInfo [name: default]
2021-05-15 14:17:28.752  INFO 15020 --- [restartedMain] org.hibernate.Version                    : HHH000412: Hibernate ORM core version 5.4.27.Final
2021-05-15 14:17:28.810  INFO 15020 --- [restartedMain] o.hibernate.annotations.common.Version   : HCANN000001: Hibernate Commons Annotations {5.1.2.Final}
2021-05-15 14:17:28.860  INFO 15020 --- [restartedMain] com.zaxxer.hikari.HikariDataSource       : HikariPool-1 - Starting...
2021-05-15 14:17:28.946  INFO 15020 --- [restartedMain] com.zaxxer.hikari.HikariDataSource       : HikariPool-1 - Start completed.
2021-05-15 14:17:28.952  INFO 15020 --- [restartedMain] org.hibernate.dialect.Dialect            : HHH000400: Using dialect: org.hibernate.dialect.MySQL5InnoDBDialect
2021-05-15 14:17:29.545  INFO 15020 --- [restartedMain] o.h.e.t.j.p.i.JtaPlatformInitiator       : HHH000490: Using JtaPlatform implementation: [org.hibernate.engine.transaction.jta.platform.internal.NoJtaPlatform]
2021-05-15 14:17:29.550  INFO 15020 --- [restartedMain] j.LocalContainerEntityManagerFactoryBean : Initialized JPA EntityManagerFactory for persistence unit 'default'
2021-05-15 14:17:29.560  INFO 15020 --- [restartedMain] o.s.b.d.a.OptionalLiveReloadServer       : LiveReload server is running on port 35729
2021-05-15 14:17:29.772  WARN 15020 --- [restartedMain] JpaBaseConfiguration$JpaWebConfiguration : spring.jpa.open-in-view is enabled by default. Therefore, database queries may be performed during view rendering. Explicitly configure spring.jpa.open-in-view to disable this warning
2021-05-15 14:17:29.956  INFO 15020 --- [restartedMain] o.s.s.web.DefaultSecurityFilterChain     : Will secure any request with [org.springframework.security.web.context.request.async.WebAsyncManagerIntegrationFilter@48bfe65f, org.springframework.security.web.context.SecurityContextPersistenceFilter@4630f1ad, org.springframework.security.web.header.HeaderWriterFilter@24a532a8, org.springframework.security.web.csrf.CsrfFilter@51a452ba, org.springframework.security.web.authentication.logout.LogoutFilter@13b87137, org.springframework.security.web.authentication.UsernamePasswordAuthenticationFilter@d94e54b, org.springframework.security.web.savedrequest.RequestCacheAwareFilter@6c44b4c9, org.springframework.security.web.servletapi.SecurityContextHolderAwareRequestFilter@57be0498, org.springframework.security.web.authentication.AnonymousAuthenticationFilter@4e8bd7b0, org.springframework.security.web.session.SessionManagementFilter@50384f15, org.springframework.security.web.access.ExceptionTranslationFilter@334ed6da, org.springframework.security.web.access.intercept.FilterSecurityInterceptor@18094999]
2021-05-15 14:17:30.017  INFO 15020 --- [restartedMain] o.s.s.concurrent.ThreadPoolTaskExecutor  : Initializing ExecutorService 'applicationTaskExecutor'
2021-05-15 14:17:30.544  INFO 15020 --- [restartedMain] o.s.b.w.embedded.tomcat.TomcatWebServer  : Tomcat started on port(s): 8443 (https) with context path ''
2021-05-15 14:17:30.622  INFO 15020 --- [restartedMain] ie.ucd.COMP47660GP.Application           : Started Application in 3.323 seconds (JVM running for 3.645)
2021-05-15 14:25:27.378  INFO 15020 --- [SpringContextShutdownHook] o.s.s.concurrent.ThreadPoolTaskExecutor  : Shutting down ExecutorService 'applicationTaskExecutor'
2021-05-15 14:25:27.379  INFO 15020 --- [SpringContextShutdownHook] j.LocalContainerEntityManagerFactoryBean : Closing JPA EntityManagerFactory for persistence unit 'default'
2021-05-15 14:25:27.382  INFO 15020 --- [SpringContextShutdownHook] com.zaxxer.hikari.HikariDataSource       : HikariPool-1 - Shutdown initiated...
2021-05-15 14:25:27.386  INFO 15020 --- [SpringContextShutdownHook] com.zaxxer.hikari.HikariDataSource       : HikariPool-1 - Shutdown completed.
2021-05-15 14:25:33.198  INFO 15860 --- [restartedMain] ie.ucd.COMP47660GP.Application           : Starting Application using Java 11.0.11 on LAPTOP-G9TSE9GK with PID 15860 (C:\Users\erykp\Documents\UCD\SecSoft\GP\target\classes started by erykp in C:\Users\erykp\Documents\UCD\SecSoft\GP)
2021-05-15 14:25:33.199  INFO 15860 --- [restartedMain] ie.ucd.COMP47660GP.Application           : No active profile set, falling back to default profiles: default
2021-05-15 14:25:33.226  INFO 15860 --- [restartedMain] .e.DevToolsPropertyDefaultsPostProcessor : Devtools property defaults active! Set 'spring.devtools.add-properties' to 'false' to disable
2021-05-15 14:25:33.226  INFO 15860 --- [restartedMain] .e.DevToolsPropertyDefaultsPostProcessor : For additional web related logging consider setting the 'logging.level.web' property to 'DEBUG'
2021-05-15 14:25:33.603  INFO 15860 --- [restartedMain] .s.d.r.c.RepositoryConfigurationDelegate : Multiple Spring Data modules found, entering strict repository configuration mode!
2021-05-15 14:25:33.604  INFO 15860 --- [restartedMain] .s.d.r.c.RepositoryConfigurationDelegate : Bootstrapping Spring Data JDBC repositories in DEFAULT mode.
2021-05-15 14:25:33.633  INFO 15860 --- [restartedMain] .RepositoryConfigurationExtensionSupport : Spring Data JDBC - Could not safely identify store assignment for repository candidate interface ie.ucd.COMP47660GP.repositories.CreditCardRepository. If you want this repository to be a JDBC repository, consider annotating your entities with one of these annotations: org.springframework.data.relational.core.mapping.Table.
2021-05-15 14:25:33.634  INFO 15860 --- [restartedMain] .RepositoryConfigurationExtensionSupport : Spring Data JDBC - Could not safely identify store assignment for repository candidate interface ie.ucd.COMP47660GP.repositories.FlightRepository. If you want this repository to be a JDBC repository, consider annotating your entities with one of these annotations: org.springframework.data.relational.core.mapping.Table.
2021-05-15 14:25:33.636  INFO 15860 --- [restartedMain] .RepositoryConfigurationExtensionSupport : Spring Data JDBC - Could not safely identify store assignment for repository candidate interface ie.ucd.COMP47660GP.repositories.ReservationRepository. If you want this repository to be a JDBC repository, consider annotating your entities with one of these annotations: org.springframework.data.relational.core.mapping.Table.
2021-05-15 14:25:33.637  INFO 15860 --- [restartedMain] .RepositoryConfigurationExtensionSupport : Spring Data JDBC - Could not safely identify store assignment for repository candidate interface ie.ucd.COMP47660GP.repositories.RoleRepository. If you want this repository to be a JDBC repository, consider annotating your entities with one of these annotations: org.springframework.data.relational.core.mapping.Table.
2021-05-15 14:25:33.639  INFO 15860 --- [restartedMain] .RepositoryConfigurationExtensionSupport : Spring Data JDBC - Could not safely identify store assignment for repository candidate interface ie.ucd.COMP47660GP.repositories.UserRepository. If you want this repository to be a JDBC repository, consider annotating your entities with one of these annotations: org.springframework.data.relational.core.mapping.Table.
2021-05-15 14:25:33.639  INFO 15860 --- [restartedMain] .s.d.r.c.RepositoryConfigurationDelegate : Finished Spring Data repository scanning in 33 ms. Found 0 JDBC repository interfaces.
2021-05-15 14:25:33.645  INFO 15860 --- [restartedMain] .s.d.r.c.RepositoryConfigurationDelegate : Multiple Spring Data modules found, entering strict repository configuration mode!
2021-05-15 14:25:33.645  INFO 15860 --- [restartedMain] .s.d.r.c.RepositoryConfigurationDelegate : Bootstrapping Spring Data JPA repositories in DEFAULT mode.
2021-05-15 14:25:33.678  INFO 15860 --- [restartedMain] .s.d.r.c.RepositoryConfigurationDelegate : Finished Spring Data repository scanning in 30 ms. Found 5 JPA repository interfaces.
2021-05-15 14:25:34.079  INFO 15860 --- [restartedMain] o.s.b.w.embedded.tomcat.TomcatWebServer  : Tomcat initialized with port(s): 8443 (https)
2021-05-15 14:25:34.085  INFO 15860 --- [restartedMain] o.apache.catalina.core.StandardService   : Starting service [Tomcat]
2021-05-15 14:25:34.086  INFO 15860 --- [restartedMain] org.apache.catalina.core.StandardEngine  : Starting Servlet engine: [Apache Tomcat/9.0.41]
2021-05-15 14:25:34.230  INFO 15860 --- [restartedMain] org.apache.jasper.servlet.TldScanner     : At least one JAR was scanned for TLDs yet contained no TLDs. Enable debug logging for this logger for a complete list of JARs that were scanned but no TLDs were found in them. Skipping unneeded JARs during scanning can improve startup time and JSP compilation time.
2021-05-15 14:25:34.236  INFO 15860 --- [restartedMain] o.a.c.c.C.[Tomcat].[localhost].[/]       : Initializing Spring embedded WebApplicationContext
2021-05-15 14:25:34.236  INFO 15860 --- [restartedMain] w.s.c.ServletWebServerApplicationContext : Root WebApplicationContext: initialization completed in 1010 ms
2021-05-15 14:25:34.352  INFO 15860 --- [restartedMain] o.hibernate.jpa.internal.util.LogHelper  : HHH000204: Processing PersistenceUnitInfo [name: default]
2021-05-15 14:25:34.375  INFO 15860 --- [restartedMain] org.hibernate.Version                    : HHH000412: Hibernate ORM core version 5.4.27.Final
2021-05-15 14:25:34.433  INFO 15860 --- [restartedMain] o.hibernate.annotations.common.Version   : HCANN000001: Hibernate Commons Annotations {5.1.2.Final}
2021-05-15 14:25:34.483  INFO 15860 --- [restartedMain] com.zaxxer.hikari.HikariDataSource       : HikariPool-1 - Starting...
2021-05-15 14:25:34.566  INFO 15860 --- [restartedMain] com.zaxxer.hikari.HikariDataSource       : HikariPool-1 - Start completed.
2021-05-15 14:25:34.573  INFO 15860 --- [restartedMain] org.hibernate.dialect.Dialect            : HHH000400: Using dialect: org.hibernate.dialect.MySQL5InnoDBDialect
2021-05-15 14:25:35.166  INFO 15860 --- [restartedMain] o.h.e.t.j.p.i.JtaPlatformInitiator       : HHH000490: Using JtaPlatform implementation: [org.hibernate.engine.transaction.jta.platform.internal.NoJtaPlatform]
2021-05-15 14:25:35.172  INFO 15860 --- [restartedMain] j.LocalContainerEntityManagerFactoryBean : Initialized JPA EntityManagerFactory for persistence unit 'default'
2021-05-15 14:25:35.182  INFO 15860 --- [restartedMain] o.s.b.d.a.OptionalLiveReloadServer       : LiveReload server is running on port 35729
2021-05-15 14:25:35.391  WARN 15860 --- [restartedMain] JpaBaseConfiguration$JpaWebConfiguration : spring.jpa.open-in-view is enabled by default. Therefore, database queries may be performed during view rendering. Explicitly configure spring.jpa.open-in-view to disable this warning
2021-05-15 14:25:35.579  INFO 15860 --- [restartedMain] o.s.s.web.DefaultSecurityFilterChain     : Will secure any request with [org.springframework.security.web.context.request.async.WebAsyncManagerIntegrationFilter@5de2a848, org.springframework.security.web.context.SecurityContextPersistenceFilter@1b1848e3, org.springframework.security.web.header.HeaderWriterFilter@effb351, org.springframework.security.web.csrf.CsrfFilter@658aabf7, org.springframework.security.web.authentication.logout.LogoutFilter@7adb8bb5, org.springframework.security.web.authentication.UsernamePasswordAuthenticationFilter@525c813c, org.springframework.security.web.savedrequest.RequestCacheAwareFilter@38fad969, org.springframework.security.web.servletapi.SecurityContextHolderAwareRequestFilter@2bbec009, org.springframework.security.web.authentication.AnonymousAuthenticationFilter@3a11f6d, org.springframework.security.web.session.SessionManagementFilter@492d350b, org.springframework.security.web.access.ExceptionTranslationFilter@24c430b7, org.springframework.security.web.access.intercept.FilterSecurityInterceptor@7ea19377]
2021-05-15 14:25:35.639  INFO 15860 --- [restartedMain] o.s.s.concurrent.ThreadPoolTaskExecutor  : Initializing ExecutorService 'applicationTaskExecutor'
2021-05-15 14:25:36.164  INFO 15860 --- [restartedMain] o.s.b.w.embedded.tomcat.TomcatWebServer  : Tomcat started on port(s): 8443 (https) with context path ''
2021-05-15 14:25:36.252  INFO 15860 --- [restartedMain] ie.ucd.COMP47660GP.Application           : Started Application in 3.287 seconds (JVM running for 3.599)
2021-05-15 14:25:56.549  INFO 15860 --- [SpringContextShutdownHook] o.s.s.concurrent.ThreadPoolTaskExecutor  : Shutting down ExecutorService 'applicationTaskExecutor'
2021-05-15 14:25:56.551  INFO 15860 --- [SpringContextShutdownHook] j.LocalContainerEntityManagerFactoryBean : Closing JPA EntityManagerFactory for persistence unit 'default'
2021-05-15 14:25:56.553  INFO 15860 --- [SpringContextShutdownHook] com.zaxxer.hikari.HikariDataSource       : HikariPool-1 - Shutdown initiated...
2021-05-15 14:25:56.557  INFO 15860 --- [SpringContextShutdownHook] com.zaxxer.hikari.HikariDataSource       : HikariPool-1 - Shutdown completed.
2021-05-15 15:04:00.724  INFO 3204 --- [restartedMain] ie.ucd.COMP47660GP.Application           : Starting Application using Java 11.0.11 on LAPTOP-G9TSE9GK with PID 3204 (C:\Users\erykp\Documents\UCD\SecSoft\GP\target\classes started by erykp in C:\Users\erykp\Documents\UCD\SecSoft\GP)
2021-05-15 15:04:00.725  INFO 3204 --- [restartedMain] ie.ucd.COMP47660GP.Application           : No active profile set, falling back to default profiles: default
2021-05-15 15:04:00.753  INFO 3204 --- [restartedMain] .e.DevToolsPropertyDefaultsPostProcessor : Devtools property defaults active! Set 'spring.devtools.add-properties' to 'false' to disable
2021-05-15 15:04:00.753  INFO 3204 --- [restartedMain] .e.DevToolsPropertyDefaultsPostProcessor : For additional web related logging consider setting the 'logging.level.web' property to 'DEBUG'
2021-05-15 15:04:01.165  INFO 3204 --- [restartedMain] .s.d.r.c.RepositoryConfigurationDelegate : Multiple Spring Data modules found, entering strict repository configuration mode!
2021-05-15 15:04:01.166  INFO 3204 --- [restartedMain] .s.d.r.c.RepositoryConfigurationDelegate : Bootstrapping Spring Data JDBC repositories in DEFAULT mode.
2021-05-15 15:04:01.203  INFO 3204 --- [restartedMain] .RepositoryConfigurationExtensionSupport : Spring Data JDBC - Could not safely identify store assignment for repository candidate interface ie.ucd.COMP47660GP.repositories.CreditCardRepository. If you want this repository to be a JDBC repository, consider annotating your entities with one of these annotations: org.springframework.data.relational.core.mapping.Table.
2021-05-15 15:04:01.205  INFO 3204 --- [restartedMain] .RepositoryConfigurationExtensionSupport : Spring Data JDBC - Could not safely identify store assignment for repository candidate interface ie.ucd.COMP47660GP.repositories.FlightRepository. If you want this repository to be a JDBC repository, consider annotating your entities with one of these annotations: org.springframework.data.relational.core.mapping.Table.
2021-05-15 15:04:01.206  INFO 3204 --- [restartedMain] .RepositoryConfigurationExtensionSupport : Spring Data JDBC - Could not safely identify store assignment for repository candidate interface ie.ucd.COMP47660GP.repositories.ReservationRepository. If you want this repository to be a JDBC repository, consider annotating your entities with one of these annotations: org.springframework.data.relational.core.mapping.Table.
2021-05-15 15:04:01.207  INFO 3204 --- [restartedMain] .RepositoryConfigurationExtensionSupport : Spring Data JDBC - Could not safely identify store assignment for repository candidate interface ie.ucd.COMP47660GP.repositories.RoleRepository. If you want this repository to be a JDBC repository, consider annotating your entities with one of these annotations: org.springframework.data.relational.core.mapping.Table.
2021-05-15 15:04:01.208  INFO 3204 --- [restartedMain] .RepositoryConfigurationExtensionSupport : Spring Data JDBC - Could not safely identify store assignment for repository candidate interface ie.ucd.COMP47660GP.repositories.UserRepository. If you want this repository to be a JDBC repository, consider annotating your entities with one of these annotations: org.springframework.data.relational.core.mapping.Table.
2021-05-15 15:04:01.209  INFO 3204 --- [restartedMain] .s.d.r.c.RepositoryConfigurationDelegate : Finished Spring Data repository scanning in 40 ms. Found 0 JDBC repository interfaces.
2021-05-15 15:04:01.214  INFO 3204 --- [restartedMain] .s.d.r.c.RepositoryConfigurationDelegate : Multiple Spring Data modules found, entering strict repository configuration mode!
2021-05-15 15:04:01.215  INFO 3204 --- [restartedMain] .s.d.r.c.RepositoryConfigurationDelegate : Bootstrapping Spring Data JPA repositories in DEFAULT mode.
2021-05-15 15:04:01.248  INFO 3204 --- [restartedMain] .s.d.r.c.RepositoryConfigurationDelegate : Finished Spring Data repository scanning in 30 ms. Found 5 JPA repository interfaces.
2021-05-15 15:04:01.654  INFO 3204 --- [restartedMain] o.s.b.w.embedded.tomcat.TomcatWebServer  : Tomcat initialized with port(s): 8443 (https)
2021-05-15 15:04:01.664  INFO 3204 --- [restartedMain] o.apache.catalina.core.StandardService   : Starting service [Tomcat]
2021-05-15 15:04:01.665  INFO 3204 --- [restartedMain] org.apache.catalina.core.StandardEngine  : Starting Servlet engine: [Apache Tomcat/9.0.41]
2021-05-15 15:04:01.835  INFO 3204 --- [restartedMain] org.apache.jasper.servlet.TldScanner     : At least one JAR was scanned for TLDs yet contained no TLDs. Enable debug logging for this logger for a complete list of JARs that were scanned but no TLDs were found in them. Skipping unneeded JARs during scanning can improve startup time and JSP compilation time.
2021-05-15 15:04:01.842  INFO 3204 --- [restartedMain] o.a.c.c.C.[Tomcat].[localhost].[/]       : Initializing Spring embedded WebApplicationContext
2021-05-15 15:04:01.843  INFO 3204 --- [restartedMain] w.s.c.ServletWebServerApplicationContext : Root WebApplicationContext: initialization completed in 1089 ms
2021-05-15 15:04:01.973  INFO 3204 --- [restartedMain] o.hibernate.jpa.internal.util.LogHelper  : HHH000204: Processing PersistenceUnitInfo [name: default]
2021-05-15 15:04:02.008  INFO 3204 --- [restartedMain] org.hibernate.Version                    : HHH000412: Hibernate ORM core version 5.4.27.Final
2021-05-15 15:04:02.095  INFO 3204 --- [restartedMain] o.hibernate.annotations.common.Version   : HCANN000001: Hibernate Commons Annotations {5.1.2.Final}
2021-05-15 15:04:02.156  INFO 3204 --- [restartedMain] com.zaxxer.hikari.HikariDataSource       : HikariPool-1 - Starting...
2021-05-15 15:04:02.265  INFO 3204 --- [restartedMain] com.zaxxer.hikari.HikariDataSource       : HikariPool-1 - Start completed.
2021-05-15 15:04:02.273  INFO 3204 --- [restartedMain] org.hibernate.dialect.Dialect            : HHH000400: Using dialect: org.hibernate.dialect.MySQL5InnoDBDialect
2021-05-15 15:04:02.953  INFO 3204 --- [restartedMain] o.h.e.t.j.p.i.JtaPlatformInitiator       : HHH000490: Using JtaPlatform implementation: [org.hibernate.engine.transaction.jta.platform.internal.NoJtaPlatform]
2021-05-15 15:04:02.958  INFO 3204 --- [restartedMain] j.LocalContainerEntityManagerFactoryBean : Initialized JPA EntityManagerFactory for persistence unit 'default'
2021-05-15 15:04:02.969  INFO 3204 --- [restartedMain] o.s.b.d.a.OptionalLiveReloadServer       : LiveReload server is running on port 35729
2021-05-15 15:04:03.207  WARN 3204 --- [restartedMain] JpaBaseConfiguration$JpaWebConfiguration : spring.jpa.open-in-view is enabled by default. Therefore, database queries may be performed during view rendering. Explicitly configure spring.jpa.open-in-view to disable this warning
2021-05-15 15:04:03.409  INFO 3204 --- [restartedMain] o.s.s.web.DefaultSecurityFilterChain     : Will secure any request with [org.springframework.security.web.context.request.async.WebAsyncManagerIntegrationFilter@19d4fbe1, org.springframework.security.web.context.SecurityContextPersistenceFilter@7a6158e7, org.springframework.security.web.header.HeaderWriterFilter@64f26780, org.springframework.security.web.csrf.CsrfFilter@4d986fa6, org.springframework.security.web.authentication.logout.LogoutFilter@68bf35dc, org.springframework.security.web.authentication.UsernamePasswordAuthenticationFilter@4c9ad56e, org.springframework.security.web.savedrequest.RequestCacheAwareFilter@5b3cd47c, org.springframework.security.web.servletapi.SecurityContextHolderAwareRequestFilter@69b75632, org.springframework.security.web.authentication.AnonymousAuthenticationFilter@7045c838, org.springframework.security.web.session.SessionManagementFilter@304a13ae, org.springframework.security.web.access.ExceptionTranslationFilter@6c77a31b, org.springframework.security.web.access.intercept.FilterSecurityInterceptor@3ed10a22]
2021-05-15 15:04:03.475  INFO 3204 --- [restartedMain] o.s.s.concurrent.ThreadPoolTaskExecutor  : Initializing ExecutorService 'applicationTaskExecutor'
2021-05-15 15:04:04.084  INFO 3204 --- [restartedMain] o.s.b.w.embedded.tomcat.TomcatWebServer  : Tomcat started on port(s): 8443 (https) with context path ''
2021-05-15 15:04:04.169  INFO 3204 --- [restartedMain] ie.ucd.COMP47660GP.Application           : Started Application in 3.715 seconds (JVM running for 4.05)
2021-05-15 15:04:10.120  INFO 3204 --- [https-jsse-nio-8443-exec-4] o.a.c.c.C.[Tomcat].[localhost].[/]       : Initializing Spring DispatcherServlet 'dispatcherServlet'
2021-05-15 15:04:10.120  INFO 3204 --- [https-jsse-nio-8443-exec-4] o.s.web.servlet.DispatcherServlet        : Initializing Servlet 'dispatcherServlet'
2021-05-15 15:04:10.121  INFO 3204 --- [https-jsse-nio-8443-exec-4] o.s.web.servlet.DispatcherServlet        : Completed initialization in 0 ms
2021-05-15 15:04:10.250  INFO 3204 --- [https-jsse-nio-8443-exec-9] o.s.boot.SpringApplication               : /login, view
2021-05-15 15:04:10.814  INFO 3204 --- [https-jsse-nio-8443-exec-3] o.s.boot.SpringApplication               : /login, view
2021-05-15 15:04:12.585  INFO 3204 --- [https-jsse-nio-8443-exec-5] o.s.boot.SpringApplication               : /login, view
2021-05-15 15:04:18.416  INFO 3204 --- [https-jsse-nio-8443-exec-3] o.s.boot.SpringApplication               : Retrieving flight: Dublin Paris 2222-02-22
2021-05-15 15:04:18.652  INFO 3204 --- [https-jsse-nio-8443-exec-9] o.s.boot.SpringApplication               : /login, view
2021-05-15 15:04:20.821  INFO 3204 --- [https-jsse-nio-8443-exec-6] o.s.boot.SpringApplication               : Requesting all flight information
2021-05-15 15:04:20.920  INFO 3204 --- [https-jsse-nio-8443-exec-4] o.s.boot.SpringApplication               : /login, view
2021-05-15 15:04:22.732  INFO 3204 --- [https-jsse-nio-8443-exec-6] o.s.boot.SpringApplication               : Requesting all flight information
2021-05-15 15:04:22.824  INFO 3204 --- [https-jsse-nio-8443-exec-2] o.s.boot.SpringApplication               : /login, view
2021-05-15 15:04:23.780  INFO 3204 --- [https-jsse-nio-8443-exec-6] o.s.boot.SpringApplication               : /reservations
2021-05-15 15:04:23.973  INFO 3204 --- [https-jsse-nio-8443-exec-5] o.s.boot.SpringApplication               : /login, view
2021-05-15 15:04:25.379  INFO 3204 --- [https-jsse-nio-8443-exec-6] o.s.boot.SpringApplication               : /reservations, no such booking for id: 12
2021-05-15 15:04:25.379  INFO 3204 --- [https-jsse-nio-8443-exec-6] o.s.boot.SpringApplication               : /reservations
2021-05-15 15:04:25.489  INFO 3204 --- [https-jsse-nio-8443-exec-3] o.s.boot.SpringApplication               : /login, view
2021-05-15 15:05:15.710  INFO 3204 --- [https-jsse-nio-8443-exec-6] o.s.boot.SpringApplication               : /login, view
2021-05-15 15:05:15.853  INFO 3204 --- [https-jsse-nio-8443-exec-10] o.s.boot.SpringApplication               : /login, view
2021-05-15 15:05:16.575 ERROR 3204 --- [https-jsse-nio-8443-exec-3] w.a.UsernamePasswordAuthenticationFilter : An internal error occurred while trying to authenticate the user.

org.springframework.security.authentication.InternalAuthenticationServiceException: null
	at org.springframework.security.authentication.dao.DaoAuthenticationProvider.retrieveUser(DaoAuthenticationProvider.java:108) ~[spring-security-core-5.4.2.jar:5.4.2]
	at org.springframework.security.authentication.dao.AbstractUserDetailsAuthenticationProvider.authenticate(AbstractUserDetailsAuthenticationProvider.java:133) ~[spring-security-core-5.4.2.jar:5.4.2]
	at org.springframework.security.authentication.ProviderManager.authenticate(ProviderManager.java:182) ~[spring-security-core-5.4.2.jar:5.4.2]
	at org.springframework.security.authentication.ProviderManager.authenticate(ProviderManager.java:201) ~[spring-security-core-5.4.2.jar:5.4.2]
	at org.springframework.security.web.authentication.UsernamePasswordAuthenticationFilter.attemptAuthentication(UsernamePasswordAuthenticationFilter.java:85) ~[spring-security-web-5.4.2.jar:5.4.2]
	at org.springframework.security.web.authentication.AbstractAuthenticationProcessingFilter.doFilter(AbstractAuthenticationProcessingFilter.java:222) ~[spring-security-web-5.4.2.jar:5.4.2]
	at org.springframework.security.web.authentication.AbstractAuthenticationProcessingFilter.doFilter(AbstractAuthenticationProcessingFilter.java:212) ~[spring-security-web-5.4.2.jar:5.4.2]
	at org.springframework.security.web.FilterChainProxy$VirtualFilterChain.doFilter(FilterChainProxy.java:336) ~[spring-security-web-5.4.2.jar:5.4.2]
	at org.springframework.security.web.authentication.logout.LogoutFilter.doFilter(LogoutFilter.java:103) ~[spring-security-web-5.4.2.jar:5.4.2]
	at org.springframework.security.web.authentication.logout.LogoutFilter.doFilter(LogoutFilter.java:89) ~[spring-security-web-5.4.2.jar:5.4.2]
	at org.springframework.security.web.FilterChainProxy$VirtualFilterChain.doFilter(FilterChainProxy.java:336) ~[spring-security-web-5.4.2.jar:5.4.2]
	at org.springframework.security.web.csrf.CsrfFilter.doFilterInternal(CsrfFilter.java:130) ~[spring-security-web-5.4.2.jar:5.4.2]
	at org.springframework.web.filter.OncePerRequestFilter.doFilter(OncePerRequestFilter.java:119) ~[spring-web-5.3.3.jar:5.3.3]
	at org.springframework.security.web.FilterChainProxy$VirtualFilterChain.doFilter(FilterChainProxy.java:336) ~[spring-security-web-5.4.2.jar:5.4.2]
	at org.springframework.security.web.header.HeaderWriterFilter.doHeadersAfter(HeaderWriterFilter.java:90) ~[spring-security-web-5.4.2.jar:5.4.2]
	at org.springframework.security.web.header.HeaderWriterFilter.doFilterInternal(HeaderWriterFilter.java:75) ~[spring-security-web-5.4.2.jar:5.4.2]
	at org.springframework.web.filter.OncePerRequestFilter.doFilter(OncePerRequestFilter.java:119) ~[spring-web-5.3.3.jar:5.3.3]
	at org.springframework.security.web.FilterChainProxy$VirtualFilterChain.doFilter(FilterChainProxy.java:336) ~[spring-security-web-5.4.2.jar:5.4.2]
	at org.springframework.security.web.context.SecurityContextPersistenceFilter.doFilter(SecurityContextPersistenceFilter.java:110) ~[spring-security-web-5.4.2.jar:5.4.2]
	at org.springframework.security.web.context.SecurityContextPersistenceFilter.doFilter(SecurityContextPersistenceFilter.java:80) ~[spring-security-web-5.4.2.jar:5.4.2]
	at org.springframework.security.web.FilterChainProxy$VirtualFilterChain.doFilter(FilterChainProxy.java:336) ~[spring-security-web-5.4.2.jar:5.4.2]
	at org.springframework.security.web.context.request.async.WebAsyncManagerIntegrationFilter.doFilterInternal(WebAsyncManagerIntegrationFilter.java:55) ~[spring-security-web-5.4.2.jar:5.4.2]
	at org.springframework.web.filter.OncePerRequestFilter.doFilter(OncePerRequestFilter.java:119) ~[spring-web-5.3.3.jar:5.3.3]
	at org.springframework.security.web.FilterChainProxy$VirtualFilterChain.doFilter(FilterChainProxy.java:336) ~[spring-security-web-5.4.2.jar:5.4.2]
	at org.springframework.security.web.FilterChainProxy.doFilterInternal(FilterChainProxy.java:211) ~[spring-security-web-5.4.2.jar:5.4.2]
	at org.springframework.security.web.FilterChainProxy.doFilter(FilterChainProxy.java:183) ~[spring-security-web-5.4.2.jar:5.4.2]
	at org.springframework.web.filter.DelegatingFilterProxy.invokeDelegate(DelegatingFilterProxy.java:358) ~[spring-web-5.3.3.jar:5.3.3]
	at org.springframework.web.filter.DelegatingFilterProxy.doFilter(DelegatingFilterProxy.java:271) ~[spring-web-5.3.3.jar:5.3.3]
	at org.apache.catalina.core.ApplicationFilterChain.internalDoFilter(ApplicationFilterChain.java:193) ~[tomcat-embed-core-9.0.41.jar:9.0.41]
	at org.apache.catalina.core.ApplicationFilterChain.doFilter(ApplicationFilterChain.java:166) ~[tomcat-embed-core-9.0.41.jar:9.0.41]
	at org.springframework.web.filter.RequestContextFilter.doFilterInternal(RequestContextFilter.java:100) ~[spring-web-5.3.3.jar:5.3.3]
	at org.springframework.web.filter.OncePerRequestFilter.doFilter(OncePerRequestFilter.java:119) ~[spring-web-5.3.3.jar:5.3.3]
	at org.apache.catalina.core.ApplicationFilterChain.internalDoFilter(ApplicationFilterChain.java:193) ~[tomcat-embed-core-9.0.41.jar:9.0.41]
	at org.apache.catalina.core.ApplicationFilterChain.doFilter(ApplicationFilterChain.java:166) ~[tomcat-embed-core-9.0.41.jar:9.0.41]
	at org.springframework.web.filter.FormContentFilter.doFilterInternal(FormContentFilter.java:93) ~[spring-web-5.3.3.jar:5.3.3]
	at org.springframework.web.filter.OncePerRequestFilter.doFilter(OncePerRequestFilter.java:119) ~[spring-web-5.3.3.jar:5.3.3]
	at org.apache.catalina.core.ApplicationFilterChain.internalDoFilter(ApplicationFilterChain.java:193) ~[tomcat-embed-core-9.0.41.jar:9.0.41]
	at org.apache.catalina.core.ApplicationFilterChain.doFilter(ApplicationFilterChain.java:166) ~[tomcat-embed-core-9.0.41.jar:9.0.41]
	at org.springframework.web.filter.CharacterEncodingFilter.doFilterInternal(CharacterEncodingFilter.java:201) ~[spring-web-5.3.3.jar:5.3.3]
	at org.springframework.web.filter.OncePerRequestFilter.doFilter(OncePerRequestFilter.java:119) ~[spring-web-5.3.3.jar:5.3.3]
	at org.apache.catalina.core.ApplicationFilterChain.internalDoFilter(ApplicationFilterChain.java:193) ~[tomcat-embed-core-9.0.41.jar:9.0.41]
	at org.apache.catalina.core.ApplicationFilterChain.doFilter(ApplicationFilterChain.java:166) ~[tomcat-embed-core-9.0.41.jar:9.0.41]
	at org.apache.catalina.core.StandardWrapperValve.invoke(StandardWrapperValve.java:202) ~[tomcat-embed-core-9.0.41.jar:9.0.41]
	at org.apache.catalina.core.StandardContextValve.invoke(StandardContextValve.java:97) ~[tomcat-embed-core-9.0.41.jar:9.0.41]
	at org.apache.catalina.authenticator.AuthenticatorBase.invoke(AuthenticatorBase.java:542) ~[tomcat-embed-core-9.0.41.jar:9.0.41]
	at org.apache.catalina.core.StandardHostValve.invoke(StandardHostValve.java:143) ~[tomcat-embed-core-9.0.41.jar:9.0.41]
	at org.apache.catalina.valves.ErrorReportValve.invoke(ErrorReportValve.java:92) ~[tomcat-embed-core-9.0.41.jar:9.0.41]
	at org.apache.catalina.core.StandardEngineValve.invoke(StandardEngineValve.java:78) ~[tomcat-embed-core-9.0.41.jar:9.0.41]
	at org.apache.catalina.connector.CoyoteAdapter.service(CoyoteAdapter.java:343) ~[tomcat-embed-core-9.0.41.jar:9.0.41]
	at org.apache.coyote.http11.Http11Processor.service(Http11Processor.java:374) ~[tomcat-embed-core-9.0.41.jar:9.0.41]
	at org.apache.coyote.AbstractProcessorLight.process(AbstractProcessorLight.java:65) ~[tomcat-embed-core-9.0.41.jar:9.0.41]
	at org.apache.coyote.AbstractProtocol$ConnectionHandler.process(AbstractProtocol.java:888) ~[tomcat-embed-core-9.0.41.jar:9.0.41]
	at org.apache.tomcat.util.net.NioEndpoint$SocketProcessor.doRun(NioEndpoint.java:1597) ~[tomcat-embed-core-9.0.41.jar:9.0.41]
	at org.apache.tomcat.util.net.SocketProcessorBase.run(SocketProcessorBase.java:49) ~[tomcat-embed-core-9.0.41.jar:9.0.41]
	at java.base/java.util.concurrent.ThreadPoolExecutor.runWorker(ThreadPoolExecutor.java:1128) ~[na:na]
	at java.base/java.util.concurrent.ThreadPoolExecutor$Worker.run(ThreadPoolExecutor.java:628) ~[na:na]
	at org.apache.tomcat.util.threads.TaskThread$WrappingRunnable.run(TaskThread.java:61) ~[tomcat-embed-core-9.0.41.jar:9.0.41]
	at java.base/java.lang.Thread.run(Thread.java:834) ~[na:na]
Caused by: ie.ucd.COMP47660GP.exception.NoSuchUserException: null
	at ie.ucd.COMP47660GP.service.impl.UserDetailsServiceImpl.loadUserByUsername(UserDetailsServiceImpl.java:27) ~[classes/:na]
	at ie.ucd.COMP47660GP.service.impl.UserDetailsServiceImpl$$FastClassBySpringCGLIB$$11319522.invoke(<generated>) ~[classes/:na]
	at org.springframework.cglib.proxy.MethodProxy.invoke(MethodProxy.java:218) ~[spring-core-5.3.3.jar:5.3.3]
	at org.springframework.aop.framework.CglibAopProxy$CglibMethodInvocation.invokeJoinpoint(CglibAopProxy.java:779) ~[spring-aop-5.3.3.jar:5.3.3]
	at org.springframework.aop.framework.ReflectiveMethodInvocation.proceed(ReflectiveMethodInvocation.java:163) ~[spring-aop-5.3.3.jar:5.3.3]
	at org.springframework.aop.framework.CglibAopProxy$CglibMethodInvocation.proceed(CglibAopProxy.java:750) ~[spring-aop-5.3.3.jar:5.3.3]
	at org.springframework.transaction.interceptor.TransactionInterceptor$1.proceedWithInvocation(TransactionInterceptor.java:123) ~[spring-tx-5.3.3.jar:5.3.3]
	at org.springframework.transaction.interceptor.TransactionAspectSupport.invokeWithinTransaction(TransactionAspectSupport.java:388) ~[spring-tx-5.3.3.jar:5.3.3]
	at org.springframework.transaction.interceptor.TransactionInterceptor.invoke(TransactionInterceptor.java:119) ~[spring-tx-5.3.3.jar:5.3.3]
	at org.springframework.aop.framework.ReflectiveMethodInvocation.proceed(ReflectiveMethodInvocation.java:186) ~[spring-aop-5.3.3.jar:5.3.3]
	at org.springframework.aop.framework.CglibAopProxy$CglibMethodInvocation.proceed(CglibAopProxy.java:750) ~[spring-aop-5.3.3.jar:5.3.3]
	at org.springframework.aop.framework.CglibAopProxy$DynamicAdvisedInterceptor.intercept(CglibAopProxy.java:692) ~[spring-aop-5.3.3.jar:5.3.3]
	at ie.ucd.COMP47660GP.service.impl.UserDetailsServiceImpl$$EnhancerBySpringCGLIB$$95828edf.loadUserByUsername(<generated>) ~[classes/:na]
	at org.springframework.security.authentication.dao.DaoAuthenticationProvider.retrieveUser(DaoAuthenticationProvider.java:93) ~[spring-security-core-5.4.2.jar:5.4.2]
	... 57 common frames omitted

2021-05-15 15:05:16.580  INFO 3204 --- [https-jsse-nio-8443-exec-4] o.s.boot.SpringApplication               : /login, view
2021-05-15 15:05:16.683  INFO 3204 --- [https-jsse-nio-8443-exec-5] o.s.boot.SpringApplication               : /login, view
2021-05-15 15:05:17.190  INFO 3204 --- [https-jsse-nio-8443-exec-1] o.s.boot.SpringApplication               : /register, view
2021-05-15 15:05:17.418  INFO 3204 --- [https-jsse-nio-8443-exec-9] o.s.boot.SpringApplication               : /login, view
2021-05-15 15:05:18.632 ERROR 3204 --- [https-jsse-nio-8443-exec-5] o.s.boot.SpringApplication               : /register failed for id: null
2021-05-15 15:05:18.750  INFO 3204 --- [https-jsse-nio-8443-exec-1] o.s.boot.SpringApplication               : /login, view
2021-05-15 15:05:56.102  INFO 3204 --- [SpringContextShutdownHook] o.s.s.concurrent.ThreadPoolTaskExecutor  : Shutting down ExecutorService 'applicationTaskExecutor'
2021-05-15 15:05:56.104  INFO 3204 --- [SpringContextShutdownHook] j.LocalContainerEntityManagerFactoryBean : Closing JPA EntityManagerFactory for persistence unit 'default'
2021-05-15 15:05:56.106  INFO 3204 --- [SpringContextShutdownHook] com.zaxxer.hikari.HikariDataSource       : HikariPool-1 - Shutdown initiated...
2021-05-15 15:05:56.110  INFO 3204 --- [SpringContextShutdownHook] com.zaxxer.hikari.HikariDataSource       : HikariPool-1 - Shutdown completed.
